<?xml version="1.0" encoding="UTF-8"?>
<testsuite xmlns:xsi="http://www.w3.org/2001/XMLSchema-instance" xsi:noNamespaceSchemaLocation="https://maven.apache.org/surefire/maven-surefire-plugin/xsd/surefire-test-report.xsd" name="com.scheduler.SchedulerTest" time="0.002" tests="5" errors="0" skipped="0" failures="0">
  <properties/>
  <testcase name="testEmptyQueue" classname="com.scheduler.SchedulerTest" time="0.001"/>
  <testcase name="testHeapPriorityQueueOrdering" classname="com.scheduler.SchedulerTest" time="0"/>
  <testcase name="testPeekMinBehavior" classname="com.scheduler.SchedulerTest" time="0"/>
  <testcase name="testSortedSequenceOrdering" classname="com.scheduler.SchedulerTest" time="0"/>
  <testcase name="testUnsortedSequenceOrdering" classname="com.scheduler.SchedulerTest" time="0"/>
</testsuite>